<?xml version="1.0" encoding="UTF-8"?>
<!-- Generated by org.testng.reporters.JUnitReportReporter -->
<testsuite hostname="DESKTOP-BRH13PM" failures="0" tests="1" name="test_SauceDemo.TC03_VerifyAddToCartFunctionality" time="9.849" errors="0" timestamp="2022-10-14T13:20:05 IST" skipped="0">
  <testcase classname="test_SauceDemo.TC03_VerifyAddToCartFunctionality" name="TC03_AddToCartFunctionality" time="9.849"/>
  <system-out/>
</testsuite> <!-- test_SauceDemo.TC03_VerifyAddToCartFunctionality -->
