<?xml version="1.0" encoding="UTF-8"?>
<!-- Generated by org.testng.reporters.JUnitReportReporter -->
<testsuite hostname="DESKTOP-BRH13PM" failures="0" tests="1" name="test_SauceDemo.TC05_VerifyFilterFuctionality_2_Price_LowToHigh" time="14.194" errors="0" timestamp="2022-10-14T13:20:05 IST" skipped="0">
  <testcase classname="test_SauceDemo.TC05_VerifyFilterFuctionality_2_Price_LowToHigh" name="TC05_Filter_2_Price_LowToHigh" time="14.194"/>
  <system-out/>
</testsuite> <!-- test_SauceDemo.TC05_VerifyFilterFuctionality_2_Price_LowToHigh -->
