<?xml version="1.0" encoding="UTF-8"?>
<!-- Generated by org.testng.reporters.JUnitReportReporter -->
<testsuite hostname="DESKTOP-BRH13PM" failures="0" tests="1" name="test_SauceDemo.TC06_VerifyFilterFunctionality_Price_HighToLow" time="13.019" errors="0" timestamp="2022-10-14T13:20:05 IST" skipped="0">
  <testcase classname="test_SauceDemo.TC06_VerifyFilterFunctionality_Price_HighToLow" name="TC06_Filter_Price_LowToHigh" time="13.019"/>
  <system-out/>
</testsuite> <!-- test_SauceDemo.TC06_VerifyFilterFunctionality_Price_HighToLow -->
